0 info it worked if it ends with ok
1 verbose cli [ '/home/anthony/.nvm/v0.10.48/bin/node',
1 verbose cli   '/home/anthony/.nvm/v0.10.48/bin/npm',
1 verbose cli   'run',
1 verbose cli   'dev' ]
2 info using npm@2.15.1
3 info using node@v0.10.48
4 verbose run-script [ 'predev', 'dev', 'postdev' ]
5 info predev starter-blog@0.0.1
6 info dev starter-blog@0.0.1
7 verbose unsafe-perm in lifecycle true
8 info starter-blog@0.0.1 Failed to exec dev script
9 verbose stack Error: starter-blog@0.0.1 dev: `INIT_CWD=$PWD next dev`
9 verbose stack Exit status 8
9 verbose stack     at EventEmitter.<anonymous> (/home/anthony/.nvm/v0.10.48/lib/node_modules/npm/lib/utils/lifecycle.js:217:16)
9 verbose stack     at EventEmitter.emit (events.js:98:17)
9 verbose stack     at ChildProcess.<anonymous> (/home/anthony/.nvm/v0.10.48/lib/node_modules/npm/lib/utils/spawn.js:24:14)
9 verbose stack     at ChildProcess.emit (events.js:98:17)
9 verbose stack     at maybeClose (child_process.js:766:16)
9 verbose stack     at Process.ChildProcess._handle.onexit (child_process.js:833:5)
10 verbose pkgid starter-blog@0.0.1
11 verbose cwd /var/www/html/anthony
12 error Linux 5.10.0-20-amd64
13 error argv "/home/anthony/.nvm/v0.10.48/bin/node" "/home/anthony/.nvm/v0.10.48/bin/npm" "run" "dev"
14 error node v0.10.48
15 error npm  v2.15.1
16 error code ELIFECYCLE
17 error starter-blog@0.0.1 dev: `INIT_CWD=$PWD next dev`
17 error Exit status 8
18 error Failed at the starter-blog@0.0.1 dev script 'INIT_CWD=$PWD next dev'.
18 error This is most likely a problem with the starter-blog package,
18 error not with npm itself.
18 error Tell the author that this fails on your system:
18 error     INIT_CWD=$PWD next dev
18 error You can get information on how to open an issue for this project with:
18 error     npm bugs starter-blog
18 error Or if that isn't available, you can get their info via:
18 error
18 error     npm owner ls starter-blog
18 error There is likely additional logging output above.
19 verbose exit [ 1, true ]
